<?xml version="1.0" encoding="UTF-8"?>
<testsuite xmlns:xsi="http://www.w3.org/2001/XMLSchema-instance" xsi:noNamespaceSchemaLocation="https://maven.apache.org/surefire/maven-surefire-plugin/xsd/surefire-test-report-3.0.xsd" version="3.0" name="cucumber.Options.TestRunner" time="14.287" tests="4" errors="0" skipped="0" failures="0">
  <properties>
[...]
</properties>
  <testcase name="Verify if Place is successfully added using AddPlaceAPI" classname="Validating place APIs #1" time="6.505">
    <system-out><![CDATA[/maps/api/place/add/json
{"status":"OK","place_id":"a3db77fb5dd7946714c7437d0327354c","scope":"APP","reference":"2a230c6d0daf942394e61a384e8fc5ae2a230c6d0daf942394e61a384e8fc5ae","id":"2a230c6d0daf942394e61a384e8fc5ae"}
{"status":"OK","place_id":"a3db77fb5dd7946714c7437d0327354c","scope":"APP","reference":"2a230c6d0daf942394e61a384e8fc5ae2a230c6d0daf942394e61a384e8fc5ae","id":"2a230c6d0daf942394e61a384e8fc5ae"}
]]></system-out>
    <system-err><![CDATA[Apr 14, 2025 11:33:04 PM io.cucumber.core.options.CucumberPropertiesParser lambda$warnWhenCucumberOptionsIsUsed$2
WARNING: Passing commandline options via the property 'cucumber.options' is no longer supported. Please use individual properties instead. See the java doc on io.cucumber.core.options.Constants for details.
]]></system-err>
  </testcase>
  <testcase name="Verify if Place is successfully added using AddPlaceAPI #1" classname="Validating place APIs #2" time="2.062">
    <system-out><![CDATA[/maps/api/place/add/json
{"status":"OK","place_id":"a2b4f02c2e662ca2b0c57feb500a4bf0","scope":"APP","reference":"7bff42341d42b7eafccdfdac2a9aa9027bff42341d42b7eafccdfdac2a9aa902","id":"7bff42341d42b7eafccdfdac2a9aa902"}
{"status":"OK","place_id":"a2b4f02c2e662ca2b0c57feb500a4bf0","scope":"APP","reference":"7bff42341d42b7eafccdfdac2a9aa9027bff42341d42b7eafccdfdac2a9aa902","id":"7bff42341d42b7eafccdfdac2a9aa902"}
{"status":"OK","place_id":"a2b4f02c2e662ca2b0c57feb500a4bf0","scope":"APP","reference":"7bff42341d42b7eafccdfdac2a9aa9027bff42341d42b7eafccdfdac2a9aa902","id":"7bff42341d42b7eafccdfdac2a9aa902"}
/maps/api/place/get/json
{"location":{"latitude":"-38.383494","longitude":"33.427362"},"accuracy":"50","name":"AAhouse","phone_number":"(+91) 983 893 3937","address":"World cross center","types":"shoe park,shop","website":"https:\/\/rahulshettyacademy.com","language":"English"}
]]></system-out>
  </testcase>
  <testcase name="Verify if Place is successfully added using AddPlaceAPI #2" classname="Validating place APIs #2" time="1.737">
    <system-out><![CDATA[/maps/api/place/add/json
{"status":"OK","place_id":"c732e208580d018505ef8f3462d55ed3","scope":"APP","reference":"115076a01e09f8ba75d8fc36a744f1b8115076a01e09f8ba75d8fc36a744f1b8","id":"115076a01e09f8ba75d8fc36a744f1b8"}
{"status":"OK","place_id":"c732e208580d018505ef8f3462d55ed3","scope":"APP","reference":"115076a01e09f8ba75d8fc36a744f1b8115076a01e09f8ba75d8fc36a744f1b8","id":"115076a01e09f8ba75d8fc36a744f1b8"}
{"status":"OK","place_id":"c732e208580d018505ef8f3462d55ed3","scope":"APP","reference":"115076a01e09f8ba75d8fc36a744f1b8115076a01e09f8ba75d8fc36a744f1b8","id":"115076a01e09f8ba75d8fc36a744f1b8"}
/maps/api/place/get/json
{"location":{"latitude":"-38.383494","longitude":"33.427362"},"accuracy":"50","name":"BBhouse","phone_number":"(+91) 983 893 3937","address":"Sea cross center","types":"shoe park,shop","website":"https:\/\/rahulshettyacademy.com","language":"Spanish"}
]]></system-out>
  </testcase>
  <testcase name="Verify if Delete Place functionality is working" classname="Validating place APIs #2" time="2.587">
    <system-out><![CDATA[/maps/api/place/delete/json
{"status":"OK"}
]]></system-out>
  </testcase>
</testsuite>